[bam_sort_core] merging from 5 files and 1 in-memory blocks...
	Command being timed: "samtools sort /projects/bgmp/shared/deduper/C1_SE_uniqAlign.sam -o sorted.sam"
	User time (seconds): 116.51
	System time (seconds): 4.69
	Percent of CPU this job got: 97%
	Elapsed (wall clock) time (h:mm:ss or m:ss): 2:04.73
	Average shared text size (kbytes): 0
	Average unshared data size (kbytes): 0
	Average stack size (kbytes): 0
	Average total size (kbytes): 0
	Maximum resident set size (kbytes): 896604
	Average resident set size (kbytes): 0
	Major (requiring I/O) page faults: 0
	Minor (reclaiming a frame) page faults: 393774
	Voluntary context switches: 1582
	Involuntary context switches: 77
	Swaps: 0
	File system inputs: 0
	File system outputs: 0
	Socket messages sent: 0
	Socket messages received: 0
	Signals delivered: 0
	Page size (bytes): 4096
	Exit status: 0
	Command being timed: "./Adriani_deduper.py -f sorted.sam -o test/bigone.sam -u unit_test_folder/STL96.txt"
	User time (seconds): 83.08
	System time (seconds): 5.68
	Percent of CPU this job got: 98%
	Elapsed (wall clock) time (h:mm:ss or m:ss): 1:30.22
	Average shared text size (kbytes): 0
	Average unshared data size (kbytes): 0
	Average stack size (kbytes): 0
	Average total size (kbytes): 0
	Maximum resident set size (kbytes): 3379340
	Average resident set size (kbytes): 0
	Major (requiring I/O) page faults: 0
	Minor (reclaiming a frame) page faults: 1231800
	Voluntary context switches: 1258
	Involuntary context switches: 142
	Swaps: 0
	File system inputs: 0
	File system outputs: 0
	Socket messages sent: 0
	Socket messages received: 0
	Signals delivered: 0
	Page size (bytes): 4096
	Exit status: 0
