	Command being timed: "./Adriani_deduper.py -f /projects/bgmp/shared/deduper/C1_SE_uniqAlign.sam -o test/bigone.sam -u unit_test_folder/STL96.txt"
	User time (seconds): 74.58
	System time (seconds): 5.75
	Percent of CPU this job got: 99%
	Elapsed (wall clock) time (h:mm:ss or m:ss): 1:20.91
	Average shared text size (kbytes): 0
	Average unshared data size (kbytes): 0
	Average stack size (kbytes): 0
	Average total size (kbytes): 0
	Maximum resident set size (kbytes): 3377932
	Average resident set size (kbytes): 0
	Major (requiring I/O) page faults: 0
	Minor (reclaiming a frame) page faults: 1447679
	Voluntary context switches: 935
	Involuntary context switches: 215
	Swaps: 0
	File system inputs: 0
	File system outputs: 0
	Socket messages sent: 0
	Socket messages received: 0
	Signals delivered: 0
	Page size (bytes): 4096
	Exit status: 0
