Traceback (most recent call last):
  File "/gpfs/projects/bgmp/ladriani/bioinfo/Bi624/Deduper-lisadriani/./Adriani_deduper.py", line 50, in <module>
    info = (key+"\t"+value)
TypeError: can only concatenate tuple (not "str") to tuple
Command exited with non-zero status 1
	Command being timed: "./Adriani_deduper.py -f /projects/bgmp/shared/deduper/C1_SE_uniqAlign.sam -o test/bigone.sam -u unit_test_folder/STL96.txt"
	User time (seconds): 68.12
	System time (seconds): 2.76
	Percent of CPU this job got: 98%
	Elapsed (wall clock) time (h:mm:ss or m:ss): 1:11.87
	Average shared text size (kbytes): 0
	Average unshared data size (kbytes): 0
	Average stack size (kbytes): 0
	Average total size (kbytes): 0
	Maximum resident set size (kbytes): 3380236
	Average resident set size (kbytes): 0
	Major (requiring I/O) page faults: 0
	Minor (reclaiming a frame) page faults: 1483448
	Voluntary context switches: 1113
	Involuntary context switches: 70
	Swaps: 0
	File system inputs: 0
	File system outputs: 0
	Socket messages sent: 0
	Socket messages received: 0
	Signals delivered: 0
	Page size (bytes): 4096
	Exit status: 1
